2024-06-05 15:47:58.8490|INFO|Microsoft.EntityFrameworkCore.Infrastructure|Entity Framework Core 6.0.30 initialized 'ProjectManagerDbContext' using provider 'Pomelo.EntityFrameworkCore.MySql:6.0.3' with options: ServerVersion 8.0.37-mysql  
2024-06-05 15:47:59.1298|INFO|Microsoft.EntityFrameworkCore.Database.Command|Executed DbCommand (18ms) [Parameters=[], CommandType='Text', CommandTimeout='30']
SELECT 1 FROM INFORMATION_SCHEMA.TABLES WHERE TABLE_SCHEMA='db' AND TABLE_NAME='__EFMigrationsHistory'; 
2024-06-05 15:47:59.2106|INFO|Microsoft.EntityFrameworkCore.Database.Command|Executed DbCommand (2ms) [Parameters=[], CommandType='Text', CommandTimeout='30']
SELECT 1 FROM INFORMATION_SCHEMA.TABLES WHERE TABLE_SCHEMA='db' AND TABLE_NAME='__EFMigrationsHistory'; 
2024-06-05 15:47:59.2508|INFO|Microsoft.EntityFrameworkCore.Database.Command|Executed DbCommand (7ms) [Parameters=[], CommandType='Text', CommandTimeout='30']
SELECT `MigrationId`, `ProductVersion`
FROM `__EFMigrationsHistory`
ORDER BY `MigrationId`; 
2024-06-05 15:47:59.2704|INFO|Microsoft.EntityFrameworkCore.Migrations|No migrations were applied. The database is already up to date. 
2024-06-05 15:47:59.5245|INFO|Microsoft.Hosting.Lifetime|Now listening on: https://localhost:7108 
2024-06-05 15:47:59.5245|INFO|Microsoft.Hosting.Lifetime|Now listening on: http://localhost:5144 
2024-06-05 15:47:59.5245|INFO|Microsoft.Hosting.Lifetime|Application started. Press Ctrl+C to shut down. 
2024-06-05 15:47:59.5245|INFO|Microsoft.Hosting.Lifetime|Hosting environment: Development 
2024-06-05 15:47:59.5245|INFO|Microsoft.Hosting.Lifetime|Content root path: C:\Users\krik6\OneDrive\Рабочий стол\pm\ProjectManager\src\ProjectManager\ 
2024-06-05 15:48:00.2724|INFO|Microsoft.AspNetCore.Hosting.Diagnostics|Request starting HTTP/2 GET https://localhost:7108/swagger/index.html - - 
2024-06-05 15:48:00.6336|INFO|Microsoft.AspNetCore.Hosting.Diagnostics|Request finished HTTP/2 GET https://localhost:7108/swagger/index.html - - - 200 - text/html;charset=utf-8 364.2281ms 
2024-06-05 15:48:00.6819|INFO|Microsoft.AspNetCore.Hosting.Diagnostics|Request starting HTTP/2 GET https://localhost:7108/_vs/browserLink - - 
2024-06-05 15:48:00.6819|INFO|Microsoft.AspNetCore.Hosting.Diagnostics|Request starting HTTP/2 GET https://localhost:7108/_framework/aspnetcore-browser-refresh.js - - 
2024-06-05 15:48:00.6886|INFO|Microsoft.AspNetCore.Hosting.Diagnostics|Request finished HTTP/2 GET https://localhost:7108/_framework/aspnetcore-browser-refresh.js - - - 200 12360 application/javascript;+charset=utf-8 6.1997ms 
2024-06-05 15:48:00.7744|INFO|Microsoft.AspNetCore.Hosting.Diagnostics|Request finished HTTP/2 GET https://localhost:7108/_vs/browserLink - - - 200 - text/javascript;+charset=UTF-8 92.5055ms 
2024-06-05 15:48:00.8364|INFO|Microsoft.AspNetCore.Hosting.Diagnostics|Request starting HTTP/2 GET https://localhost:7108/swagger/v1/swagger.json - - 
2024-06-05 15:48:01.0027|INFO|Microsoft.AspNetCore.Hosting.Diagnostics|Request finished HTTP/2 GET https://localhost:7108/swagger/v1/swagger.json - - - 200 - application/json;charset=utf-8 166.4419ms 
2024-06-05 15:48:04.6172|INFO|Microsoft.AspNetCore.Hosting.Diagnostics|Request starting HTTP/2 GET https://localhost:7108/api/Project/5/DesignObject - - 
2024-06-05 15:48:04.6456|INFO|Microsoft.AspNetCore.Routing.EndpointMiddleware|Executing endpoint 'ProjectManager.Controllers.DesignObjectController.GetByProjectId (ProjectManager)' 
2024-06-05 15:48:04.6861|INFO|Microsoft.AspNetCore.Mvc.Infrastructure.ControllerActionInvoker|Route matched with {action = "GetByProjectId", controller = "DesignObject"}. Executing controller action with signature System.Threading.Tasks.Task`1[Microsoft.AspNetCore.Mvc.ActionResult`1[System.Collections.Generic.List`1[ProjectManager.Domain.Contracts.DesignObject.DesignObjectTreeResponce]]] GetByProjectId(Int32) on controller ProjectManager.Controllers.DesignObjectController (ProjectManager). 
2024-06-05 15:48:04.7270|INFO|Microsoft.EntityFrameworkCore.Infrastructure|Entity Framework Core 6.0.30 initialized 'ProjectManagerDbContext' using provider 'Pomelo.EntityFrameworkCore.MySql:6.0.3' with options: ServerVersion 8.0.37-mysql  
2024-06-05 15:48:05.4009|INFO|Microsoft.EntityFrameworkCore.Database.Command|Executed DbCommand (36ms) [Parameters=[@__id_0='?' (DbType = Int32)], CommandType='Text', CommandTimeout='30']
SELECT `p`.`Id`, `p`.`Cipher`, `p`.`Name`
FROM `Projects` AS `p`
WHERE `p`.`Id` = @__id_0
LIMIT 1 
2024-06-05 15:48:05.5888|INFO|Microsoft.AspNetCore.Mvc.Infrastructure.ObjectResultExecutor|Executing ObjectResult, writing value of type '<>f__AnonymousType0`1[[System.String, System.Private.CoreLib, Version=6.0.0.0, Culture=neutral, PublicKeyToken=7cec85d7bea7798e]]'. 
2024-06-05 15:48:05.5989|INFO|Microsoft.AspNetCore.Mvc.Infrastructure.ControllerActionInvoker|Executed action ProjectManager.Controllers.DesignObjectController.GetByProjectId (ProjectManager) in 907.0137ms 
2024-06-05 15:48:05.5989|INFO|Microsoft.AspNetCore.Routing.EndpointMiddleware|Executed endpoint 'ProjectManager.Controllers.DesignObjectController.GetByProjectId (ProjectManager)' 
2024-06-05 15:48:05.6094|INFO|Microsoft.AspNetCore.Hosting.Diagnostics|Request finished HTTP/2 GET https://localhost:7108/api/Project/5/DesignObject - - - 404 - application/json;+charset=utf-8 992.1997ms 
